<?xml version="1.0" encoding="UTF-8"?>
<!-- Generated by org.testng.reporters.JUnitReportReporter -->
<testsuite hostname="DESKTOP-KUCBRGK" failures="0" tests="2" name="practicePackage.AddBranchTest" time="0.014" errors="0" timestamp="2022-11-09T10:54:58 IST" skipped="0">
  <testcase classname="practicePackage.AddBranchTest" name="updateBranch" time="0.011"/>
  <system-out/>
  <testcase classname="practicePackage.AddBranchTest" name="updateBranch" time="0.003"/>
  <system-out/>
</testsuite> <!-- practicePackage.AddBranchTest -->
