<?xml version="1.0" encoding="UTF-8"?>
<!-- Generated by org.testng.reporters.JUnitReportReporter -->
<testsuite hostname="DESKTOP-KUCBRGK" failures="0" tests="4" name="practicePackage.DataProviderTest" time="0.010" errors="0" timestamp="2022-11-08T12:09:57 IST" skipped="0">
  <testcase classname="practicePackage.DataProviderTest" name="travelling" time="0.005"/>
  <system-out/>
  <testcase classname="practicePackage.DataProviderTest" name="travelling" time="0.002"/>
  <system-out/>
  <testcase classname="practicePackage.DataProviderTest" name="travelling" time="0.001"/>
  <system-out/>
  <testcase classname="practicePackage.DataProviderTest" name="travelling" time="0.002"/>
  <system-out/>
</testsuite> <!-- practicePackage.DataProviderTest -->
