<?xml version="1.0" encoding="UTF-8"?>
<!-- Generated by org.testng.reporters.JUnitReportReporter -->
<testsuite hostname="DESKTOP-KUCBRGK" failures="0" tests="1" name="testNGPractice.HeadToAssi" time="46.737" errors="0" timestamp="2022-11-10T13:17:08 IST" skipped="0">
  <testcase classname="testNGPractice.HeadToAssi" name="addDetails" time="46.737"/>
  <system-out/>
</testsuite> <!-- testNGPractice.HeadToAssi -->
