<?xml version="1.0" encoding="UTF-8"?>
<!-- Generated by org.testng.reporters.JUnitReportReporter -->
<testsuite hostname="DESKTOP-KUCBRGK" failures="0" tests="5" name="practicePackage.ReadDataFromOtherClass" time="0.011" errors="0" timestamp="2022-11-08T17:52:26 IST" skipped="0">
  <testcase classname="practicePackage.ReadDataFromOtherClass" name="movies" time="0.006"/>
  <system-out/>
  <testcase classname="practicePackage.ReadDataFromOtherClass" name="movies" time="0.001"/>
  <system-out/>
  <testcase classname="practicePackage.ReadDataFromOtherClass" name="movies" time="0.001"/>
  <system-out/>
  <testcase classname="practicePackage.ReadDataFromOtherClass" name="movies" time="0.002"/>
  <system-out/>
  <testcase classname="practicePackage.ReadDataFromOtherClass" name="movies" time="0.001"/>
  <system-out/>
</testsuite> <!-- practicePackage.ReadDataFromOtherClass -->
