<?xml version="1.0" encoding="UTF-8"?>
<!-- Generated by org.testng.reporters.JUnitReportReporter -->
<testsuite hostname="DESKTOP-KUCBRGK" failures="0" tests="1" name="practicePackage.Employee" time="0.008" errors="0" timestamp="2022-11-09T16:51:55 IST" skipped="0">
  <testcase classname="practicePackage.Employee" name="addEmployee" time="0.008"/>
  <system-out/>
</testsuite> <!-- practicePackage.Employee -->
