<?xml version="1.0" encoding="UTF-8"?>
<!-- Generated by org.testng.reporters.JUnitReportReporter -->
<testsuite hostname="DESKTOP-KUCBRGK" failures="0" tests="1" name="testNGPractice.AssiToHead" time="67.800" errors="0" timestamp="2022-11-10T13:17:08 IST" skipped="0">
  <testcase classname="testNGPractice.AssiToHead" name="addNewEmp" time="67.800"/>
  <system-out/>
</testsuite> <!-- testNGPractice.AssiToHead -->
