<?xml version="1.0" encoding="UTF-8"?>
<!-- Generated by org.testng.reporters.JUnitReportReporter -->
<testsuite hostname="DESKTOP-KUCBRGK" failures="0" tests="5" name="practicePackage.ReadMultipleDataFromExcelTest" time="0.012" errors="0" timestamp="2022-11-08T15:48:12 IST" skipped="0">
  <testcase classname="practicePackage.ReadMultipleDataFromExcelTest" name="movies" time="0.001"/>
  <system-out/>
  <testcase classname="practicePackage.ReadMultipleDataFromExcelTest" name="movies" time="0.002"/>
  <system-out/>
  <testcase classname="practicePackage.ReadMultipleDataFromExcelTest" name="movies" time="0.001"/>
  <system-out/>
  <testcase classname="practicePackage.ReadMultipleDataFromExcelTest" name="movies" time="0.005"/>
  <system-out/>
  <testcase classname="practicePackage.ReadMultipleDataFromExcelTest" name="movies" time="0.003"/>
  <system-out/>
</testsuite> <!-- practicePackage.ReadMultipleDataFromExcelTest -->
