<?xml version="1.0" encoding="UTF-8"?>
<!-- Generated by org.testng.reporters.JUnitReportReporter -->
<testsuite hostname="DESKTOP-KUCBRGK" failures="0" tests="1" name="practicePackage.CorporateTest" time="0.001" errors="0" timestamp="2022-11-09T16:51:55 IST" skipped="0">
  <testcase classname="practicePackage.CorporateTest" name="addcorporate" time="0.001"/>
  <system-out/>
</testsuite> <!-- practicePackage.CorporateTest -->
