<?xml version="1.0" encoding="UTF-8"?>
<!-- Generated by org.testng.reporters.JUnitReportReporter -->
<testsuite hostname="DESKTOP-KUCBRGK" failures="0" tests="1" name="practicePackage.AnnotationExecution" time="0.007" errors="0" timestamp="2022-11-08T17:52:46 IST" skipped="0">
  <testcase classname="practicePackage.AnnotationExecution" name="conTest" time="0.007"/>
  <system-out/>
</testsuite> <!-- practicePackage.AnnotationExecution -->
