<?xml version="1.0" encoding="UTF-8"?>
<!-- Generated by org.testng.reporters.JUnitReportReporter -->
<testsuite hostname="DESKTOP-KUCBRGK" failures="0" tests="5" name="practicePackage.DataProvider53" time="0.015" errors="0" timestamp="2022-11-09T12:12:05 IST" skipped="0">
  <testcase classname="practicePackage.DataProvider53" name="hrmStstem" time="0.002"/>
  <system-out/>
  <testcase classname="practicePackage.DataProvider53" name="hrmStstem" time="0.007"/>
  <system-out/>
  <testcase classname="practicePackage.DataProvider53" name="hrmStstem" time="0.002"/>
  <system-out/>
  <testcase classname="practicePackage.DataProvider53" name="hrmStstem" time="0.003"/>
  <system-out/>
  <testcase classname="practicePackage.DataProvider53" name="hrmStstem" time="0.001"/>
  <system-out/>
</testsuite> <!-- practicePackage.DataProvider53 -->
